<?xml version="1.0" encoding="UTF-8"?>
<!-- Generated by org.testng.reporters.JUnitXMLReporter -->
<testsuite hostname="WichoLap" ignored="2" name="TestStartbucks" tests="3" failures="0" timestamp="02 abr 2018 04:52:46 GMT" time="106.543" errors="0">
  <testcase name="test3" time="52.308" classname="com.globant.autoTrainingSelenium.test.starbucks.StarbucksTest"/>
  <testcase name="test3" time="26.48" classname="com.globant.autoTrainingSelenium.test.starbucks.StarbucksTest"/>
  <testcase name="test3" time="27.522" classname="com.globant.autoTrainingSelenium.test.starbucks.StarbucksTest"/>
  <testcase name="test1" time="0.0" classname="com.globant.autoTrainingSelenium.test.starbucks.StarbucksTest">
    <ignored/>
  </testcase> <!-- test1 -->
  <testcase name="test2" time="0.0" classname="com.globant.autoTrainingSelenium.test.starbucks.StarbucksTest">
    <ignored/>
  </testcase> <!-- test2 -->
</testsuite> <!-- TestStartbucks -->
