<?xml version="1.0" encoding="UTF-8"?>
<!-- Generated by org.testng.reporters.JUnitXMLReporter -->
<testsuite hostname="MX-IT01128" ignored="0" name="TestStartbucks" tests="8" failures="0" timestamp="11 Apr 2018 17:21:31 GMT" time="78.937" errors="0">
  <testcase name="test1" time="4.354" classname="com.globant.autoTrainingSelenium.test.starbucks.StarbucksTest"/>
  <testcase name="test2" time="10.848" classname="com.globant.autoTrainingSelenium.test.starbucks.StarbucksTest"/>
  <testcase name="test2" time="5.771" classname="com.globant.autoTrainingSelenium.test.starbucks.StarbucksTest"/>
  <testcase name="test2" time="6.64" classname="com.globant.autoTrainingSelenium.test.starbucks.StarbucksTest"/>
  <testcase name="test2" time="5.831" classname="com.globant.autoTrainingSelenium.test.starbucks.StarbucksTest"/>
  <testcase name="test3" time="12.074" classname="com.globant.autoTrainingSelenium.test.starbucks.StarbucksTest"/>
  <testcase name="test3" time="17.191" classname="com.globant.autoTrainingSelenium.test.starbucks.StarbucksTest"/>
  <testcase name="test3" time="16.197" classname="com.globant.autoTrainingSelenium.test.starbucks.StarbucksTest"/>
</testsuite> <!-- TestStartbucks -->
