<?xml version="1.0" encoding="UTF-8" ?>
<testsuite tests="11" failures="2" name="TestSuite" time="2.638" errors="0" skipped="9">
  <properties>
[...]
</properties>
  <testcase classname="com.globant.autoTrainingSelenium.test.BaseTNGTest" name="beforeSuit" time="0.217">
    <failure message="
Parameter &apos;browser&apos; is required by BeforeSuite on method beforeSuit but has not been marked @Optional or defined
" type="org.testng.TestNGException">org.testng.TestNGException: 
Parameter &apos;browser&apos; is required by BeforeSuite on method beforeSuit but has not been marked @Optional or defined

	at org.testng.internal.Parameters.createParams(Parameters.java:290)
	at org.testng.internal.Parameters.createParametersForMethod(Parameters.java:359)
	at org.testng.internal.Parameters.createParameters(Parameters.java:620)
	at org.testng.internal.Parameters.createConfigurationParameters(Parameters.java:190)
	at org.testng.internal.Invoker.invokeConfigurations(Invoker.java:209)
	at org.testng.internal.Invoker.invokeConfigurations(Invoker.java:142)
	at org.testng.SuiteRunner.privateRun(SuiteRunner.java:401)
	at org.testng.SuiteRunner.run(SuiteRunner.java:364)
	at org.testng.SuiteRunnerWorker.runSuite(SuiteRunnerWorker.java:52)
	at org.testng.SuiteRunnerWorker.run(SuiteRunnerWorker.java:84)
	at org.testng.TestNG.runSuitesSequentially(TestNG.java:1208)
	at org.testng.TestNG.runSuitesLocally(TestNG.java:1137)
	at org.testng.TestNG.runSuites(TestNG.java:1049)
	at org.testng.TestNG.run(TestNG.java:1017)
	at org.apache.maven.surefire.testng.TestNGExecutor.run(TestNGExecutor.java:77)
	at org.apache.maven.surefire.testng.TestNGDirectoryTestSuite.executeMulti(TestNGDirectoryTestSuite.java:159)
	at org.apache.maven.surefire.testng.TestNGDirectoryTestSuite.execute(TestNGDirectoryTestSuite.java:99)
	at org.apache.maven.surefire.testng.TestNGProvider.invoke(TestNGProvider.java:106)
	at sun.reflect.NativeMethodAccessorImpl.invoke0(Native Method)
	at sun.reflect.NativeMethodAccessorImpl.invoke(Unknown Source)
	at sun.reflect.DelegatingMethodAccessorImpl.invoke(Unknown Source)
	at java.lang.reflect.Method.invoke(Unknown Source)
	at org.apache.maven.surefire.util.ReflectionUtils.invokeMethodWithArray(ReflectionUtils.java:189)
	at org.apache.maven.surefire.booter.ProviderFactory$ProviderProxy.invoke(ProviderFactory.java:165)
	at org.apache.maven.surefire.booter.ProviderFactory.invokeProvider(ProviderFactory.java:85)
	at org.apache.maven.surefire.booter.ForkedBooter.runSuitesInProcess(ForkedBooter.java:115)
	at org.apache.maven.surefire.booter.ForkedBooter.main(ForkedBooter.java:75)
</failure>
    <system-out>Configuring TestNG with: org.apache.maven.surefire.testng.conf.TestNG652Configurator@156643d4
</system-out>
  </testcase>
  <testcase classname="com.globant.autoTrainingSelenium.test.starbucks.StarbucksTest" name="test1" time="0.23">
    <skipped/>
  </testcase>
  <testcase classname="com.globant.autoTrainingSelenium.test.starbucks.StarbucksTest" name="test2" time="0.236">
    <skipped/>
  </testcase>
  <testcase classname="com.globant.autoTrainingSelenium.test.starbucks.StarbucksTest" name="test2" time="0.237">
    <skipped/>
  </testcase>
  <testcase classname="com.globant.autoTrainingSelenium.test.starbucks.StarbucksTest" name="test2" time="0.237">
    <skipped/>
  </testcase>
  <testcase classname="com.globant.autoTrainingSelenium.test.starbucks.StarbucksTest" name="test2" time="0.238">
    <skipped/>
  </testcase>
  <testcase classname="com.globant.autoTrainingSelenium.test.starbucks.StarbucksTest" name="test3" time="0.239">
    <skipped/>
  </testcase>
  <testcase classname="com.globant.autoTrainingSelenium.test.starbucks.StarbucksTest" name="test3" time="0.239">
    <skipped/>
  </testcase>
  <testcase classname="com.globant.autoTrainingSelenium.test.starbucks.StarbucksTest" name="test3" time="0.239">
    <skipped/>
  </testcase>
  <testcase classname="com.globant.autoTrainingSelenium.test.wikipedia.WikiTNGTest" name="testWikiSearch" time="0.24">
    <skipped/>
  </testcase>
  <testcase classname="com.globant.autoTrainingSelenium.test.BaseTNGTest" name="afterSuite" time="0.286">
    <failure type="java.lang.NullPointerException">java.lang.NullPointerException
	at com.globant.autoTrainingSelenium.test.BaseTNGTest.afterSuite(BaseTNGTest.java:29)
</failure>
  </testcase>
</testsuite>