<?xml version="1.0" encoding="UTF-8"?>
<testng-results skipped="0" failed="0" ignored="0" total="8" passed="8">
  <reporter-output>
  </reporter-output>
  <suite name="Suite" duration-ms="78937" started-at="2018-04-11T17:20:12Z" finished-at="2018-04-11T17:21:31Z">
    <groups>
    </groups>
    <test name="TestStartbucks" duration-ms="78937" started-at="2018-04-11T17:20:12Z" finished-at="2018-04-11T17:21:31Z">
      <class name="com.globant.autoTrainingSelenium.test.starbucks.StarbucksTest">
        <test-method status="PASS" signature="beforeSuit(java.lang.String, java.lang.String)[pri:0, instance:com.globant.autoTrainingSelenium.test.starbucks.StarbucksTest@5315b42e]" name="beforeSuit" is-config="true" duration-ms="3168" started-at="2018-04-11T17:20:09Z" finished-at="2018-04-11T17:20:12Z">
          <params>
            <param index="0">
              <value>
                <![CDATA[firefox]]>
              </value>
            </param>
            <param index="1">
              <value>
                <![CDATA[src/test/resources/driversTesting/geckodriver.exe]]>
              </value>
            </param>
          </params>
          <reporter-output>
          </reporter-output>
        </test-method> <!-- beforeSuit -->
        <test-method status="PASS" signature="test1()[pri:0, instance:com.globant.autoTrainingSelenium.test.starbucks.StarbucksTest@5315b42e]" name="test1" duration-ms="4354" started-at="2018-04-11T17:20:12Z" finished-at="2018-04-11T17:20:16Z">
          <reporter-output>
          </reporter-output>
        </test-method> <!-- test1 -->
        <test-method status="PASS" signature="test2(java.lang.Integer, java.lang.Integer, java.lang.Integer, java.lang.Integer, java.lang.String)[pri:0, instance:com.globant.autoTrainingSelenium.test.starbucks.StarbucksTest@5315b42e]" name="test2" duration-ms="10848" started-at="2018-04-11T17:20:16Z" data-provider="providerTest2" finished-at="2018-04-11T17:20:27Z">
          <params>
            <param index="0">
              <value>
                <![CDATA[2]]>
              </value>
            </param>
            <param index="1">
              <value>
                <![CDATA[1]]>
              </value>
            </param>
            <param index="2">
              <value>
                <![CDATA[2]]>
              </value>
            </param>
            <param index="3">
              <value>
                <![CDATA[1]]>
              </value>
            </param>
            <param index="4">
              <value>
                <![CDATA[EARTHY & HERBAL]]>
              </value>
            </param>
          </params>
          <reporter-output>
          </reporter-output>
        </test-method> <!-- test2 -->
        <test-method status="PASS" signature="test2(java.lang.Integer, java.lang.Integer, java.lang.Integer, java.lang.Integer, java.lang.String)[pri:0, instance:com.globant.autoTrainingSelenium.test.starbucks.StarbucksTest@5315b42e]" name="test2" duration-ms="5771" started-at="2018-04-11T17:20:27Z" data-provider="providerTest2" finished-at="2018-04-11T17:20:33Z">
          <params>
            <param index="0">
              <value>
                <![CDATA[0]]>
              </value>
            </param>
            <param index="1">
              <value>
                <![CDATA[0]]>
              </value>
            </param>
            <param index="2">
              <value>
                <![CDATA[0]]>
              </value>
            </param>
            <param index="3">
              <value>
                <![CDATA[0]]>
              </value>
            </param>
            <param index="4">
              <value>
                <![CDATA[MELLOW & SOFT]]>
              </value>
            </param>
          </params>
          <reporter-output>
          </reporter-output>
        </test-method> <!-- test2 -->
        <test-method status="PASS" signature="test2(java.lang.Integer, java.lang.Integer, java.lang.Integer, java.lang.Integer, java.lang.String)[pri:0, instance:com.globant.autoTrainingSelenium.test.starbucks.StarbucksTest@5315b42e]" name="test2" duration-ms="6640" started-at="2018-04-11T17:20:33Z" data-provider="providerTest2" finished-at="2018-04-11T17:20:39Z">
          <params>
            <param index="0">
              <value>
                <![CDATA[1]]>
              </value>
            </param>
            <param index="1">
              <value>
                <![CDATA[2]]>
              </value>
            </param>
            <param index="2">
              <value>
                <![CDATA[0]]>
              </value>
            </param>
            <param index="3">
              <value>
                <![CDATA[1]]>
              </value>
            </param>
            <param index="4">
              <value>
                <![CDATA[SMOOTH & BALANCED]]>
              </value>
            </param>
          </params>
          <reporter-output>
          </reporter-output>
        </test-method> <!-- test2 -->
        <test-method status="PASS" signature="test2(java.lang.Integer, java.lang.Integer, java.lang.Integer, java.lang.Integer, java.lang.String)[pri:0, instance:com.globant.autoTrainingSelenium.test.starbucks.StarbucksTest@5315b42e]" name="test2" duration-ms="5831" started-at="2018-04-11T17:20:39Z" data-provider="providerTest2" finished-at="2018-04-11T17:20:45Z">
          <params>
            <param index="0">
              <value>
                <![CDATA[0]]>
              </value>
            </param>
            <param index="1">
              <value>
                <![CDATA[1]]>
              </value>
            </param>
            <param index="2">
              <value>
                <![CDATA[1]]>
              </value>
            </param>
            <param index="3">
              <value>
                <![CDATA[0]]>
              </value>
            </param>
            <param index="4">
              <value>
                <![CDATA[MELLOW & SOFT]]>
              </value>
            </param>
          </params>
          <reporter-output>
          </reporter-output>
        </test-method> <!-- test2 -->
        <test-method status="PASS" signature="test3(java.lang.String, int, java.lang.String, java.lang.String, int, java.lang.String, java.lang.String, java.lang.String, java.lang.String)[pri:0, instance:com.globant.autoTrainingSelenium.test.starbucks.StarbucksTest@5315b42e]" name="test3" duration-ms="12074" started-at="2018-04-11T17:20:45Z" data-provider="providerTest3" finished-at="2018-04-11T17:20:57Z">
          <params>
            <param index="0">
              <value>
                <![CDATA[Spring]]>
              </value>
            </param>
            <param index="1">
              <value>
                <![CDATA[0]]>
              </value>
            </param>
            <param index="2">
              <value>
                <![CDATA[JL]]>
              </value>
            </param>
            <param index="3">
              <value>
                <![CDATA[Spring Message]]>
              </value>
            </param>
            <param index="4">
              <value>
                <![CDATA[50]]>
              </value>
            </param>
            <param index="5">
              <value>
                <![CDATA[JL]]>
              </value>
            </param>
            <param index="6">
              <value>
                <![CDATA[recipientSpring@email.com]]>
              </value>
            </param>
            <param index="7">
              <value>
                <![CDATA[senderSpring@email.com]]>
              </value>
            </param>
            <param index="8">
              <value>
                <![CDATA[Spring Flowers]]>
              </value>
            </param>
          </params>
          <reporter-output>
          </reporter-output>
        </test-method> <!-- test3 -->
        <test-method status="PASS" signature="test3(java.lang.String, int, java.lang.String, java.lang.String, int, java.lang.String, java.lang.String, java.lang.String, java.lang.String)[pri:0, instance:com.globant.autoTrainingSelenium.test.starbucks.StarbucksTest@5315b42e]" name="test3" duration-ms="17191" started-at="2018-04-11T17:20:57Z" data-provider="providerTest3" finished-at="2018-04-11T17:21:14Z">
          <params>
            <param index="0">
              <value>
                <![CDATA[Birthday]]>
              </value>
            </param>
            <param index="1">
              <value>
                <![CDATA[1]]>
              </value>
            </param>
            <param index="2">
              <value>
                <![CDATA[JL]]>
              </value>
            </param>
            <param index="3">
              <value>
                <![CDATA[Birthday Message]]>
              </value>
            </param>
            <param index="4">
              <value>
                <![CDATA[100]]>
              </value>
            </param>
            <param index="5">
              <value>
                <![CDATA[JL]]>
              </value>
            </param>
            <param index="6">
              <value>
                <![CDATA[recipientBirthday@email.com]]>
              </value>
            </param>
            <param index="7">
              <value>
                <![CDATA[senderBirthday@email.com]]>
              </value>
            </param>
            <param index="8">
              <value>
                <![CDATA[HBD]]>
              </value>
            </param>
          </params>
          <reporter-output>
          </reporter-output>
        </test-method> <!-- test3 -->
        <test-method status="PASS" signature="test3(java.lang.String, int, java.lang.String, java.lang.String, int, java.lang.String, java.lang.String, java.lang.String, java.lang.String)[pri:0, instance:com.globant.autoTrainingSelenium.test.starbucks.StarbucksTest@5315b42e]" name="test3" duration-ms="16197" started-at="2018-04-11T17:21:14Z" data-provider="providerTest3" finished-at="2018-04-11T17:21:31Z">
          <params>
            <param index="0">
              <value>
                <![CDATA[Friendship]]>
              </value>
            </param>
            <param index="1">
              <value>
                <![CDATA[3]]>
              </value>
            </param>
            <param index="2">
              <value>
                <![CDATA[JL]]>
              </value>
            </param>
            <param index="3">
              <value>
                <![CDATA[Friendship Message]]>
              </value>
            </param>
            <param index="4">
              <value>
                <![CDATA[10]]>
              </value>
            </param>
            <param index="5">
              <value>
                <![CDATA[JL]]>
              </value>
            </param>
            <param index="6">
              <value>
                <![CDATA[recipientFriendship@email.com]]>
              </value>
            </param>
            <param index="7">
              <value>
                <![CDATA[senderFriendship@email.com]]>
              </value>
            </param>
            <param index="8">
              <value>
                <![CDATA[Thinking of You]]>
              </value>
            </param>
          </params>
          <reporter-output>
          </reporter-output>
        </test-method> <!-- test3 -->
        <test-method status="PASS" signature="restartTest()[pri:0, instance:com.globant.autoTrainingSelenium.test.starbucks.StarbucksTest@5315b42e]" name="restartTest" is-config="true" duration-ms="1" started-at="2018-04-11T17:21:31Z" finished-at="2018-04-11T17:21:31Z">
          <reporter-output>
          </reporter-output>
        </test-method> <!-- restartTest -->
        <test-method status="PASS" signature="afterSuite()[pri:0, instance:com.globant.autoTrainingSelenium.test.starbucks.StarbucksTest@5315b42e]" name="afterSuite" is-config="true" duration-ms="296" started-at="2018-04-11T17:21:31Z" finished-at="2018-04-11T17:21:31Z">
          <reporter-output>
          </reporter-output>
        </test-method> <!-- afterSuite -->
      </class> <!-- com.globant.autoTrainingSelenium.test.starbucks.StarbucksTest -->
    </test> <!-- TestStartbucks -->
  </suite> <!-- Suite -->
</testng-results>
