<?xml version="1.0" encoding="UTF-8"?>
<testng-results skipped="0" failed="0" ignored="0" total="8" passed="8">
  <reporter-output>
  </reporter-output>
  <suite name="Suite" duration-ms="79418" started-at="2018-04-02T17:45:33Z" finished-at="2018-04-02T17:46:52Z">
    <groups>
    </groups>
    <test name="TestStartbucks" duration-ms="79418" started-at="2018-04-02T17:45:33Z" finished-at="2018-04-02T17:46:52Z">
      <class name="com.globant.autoTrainingSelenium.test.starbucks.StarbucksTest">
        <test-method status="PASS" signature="beforeSuit(java.lang.String)[pri:0, instance:com.globant.autoTrainingSelenium.test.starbucks.StarbucksTest@3532ec19]" name="beforeSuit" is-config="true" duration-ms="2835" started-at="2018-04-02T17:45:30Z" finished-at="2018-04-02T17:45:33Z">
          <params>
            <param index="0">
              <value>
                <![CDATA[firefox]]>
              </value>
            </param>
          </params>
          <reporter-output>
          </reporter-output>
        </test-method> <!-- beforeSuit -->
        <test-method status="PASS" signature="test1()[pri:0, instance:com.globant.autoTrainingSelenium.test.starbucks.StarbucksTest@3532ec19]" name="test1" duration-ms="9045" started-at="2018-04-02T17:45:33Z" finished-at="2018-04-02T17:45:42Z">
          <reporter-output>
          </reporter-output>
        </test-method> <!-- test1 -->
        <test-method status="PASS" signature="test2(java.lang.Integer, java.lang.Integer, java.lang.Integer, java.lang.Integer, java.lang.String)[pri:0, instance:com.globant.autoTrainingSelenium.test.starbucks.StarbucksTest@3532ec19]" name="test2" duration-ms="12363" started-at="2018-04-02T17:45:42Z" data-provider="providerTest2" finished-at="2018-04-02T17:45:54Z">
          <params>
            <param index="0">
              <value>
                <![CDATA[2]]>
              </value>
            </param>
            <param index="1">
              <value>
                <![CDATA[1]]>
              </value>
            </param>
            <param index="2">
              <value>
                <![CDATA[2]]>
              </value>
            </param>
            <param index="3">
              <value>
                <![CDATA[1]]>
              </value>
            </param>
            <param index="4">
              <value>
                <![CDATA[EARTHY & HERBAL]]>
              </value>
            </param>
          </params>
          <reporter-output>
          </reporter-output>
        </test-method> <!-- test2 -->
        <test-method status="PASS" signature="test2(java.lang.Integer, java.lang.Integer, java.lang.Integer, java.lang.Integer, java.lang.String)[pri:0, instance:com.globant.autoTrainingSelenium.test.starbucks.StarbucksTest@3532ec19]" name="test2" duration-ms="5803" started-at="2018-04-02T17:45:54Z" data-provider="providerTest2" finished-at="2018-04-02T17:46:00Z">
          <params>
            <param index="0">
              <value>
                <![CDATA[0]]>
              </value>
            </param>
            <param index="1">
              <value>
                <![CDATA[0]]>
              </value>
            </param>
            <param index="2">
              <value>
                <![CDATA[0]]>
              </value>
            </param>
            <param index="3">
              <value>
                <![CDATA[0]]>
              </value>
            </param>
            <param index="4">
              <value>
                <![CDATA[MELLOW & SOFT]]>
              </value>
            </param>
          </params>
          <reporter-output>
          </reporter-output>
        </test-method> <!-- test2 -->
        <test-method status="PASS" signature="test2(java.lang.Integer, java.lang.Integer, java.lang.Integer, java.lang.Integer, java.lang.String)[pri:0, instance:com.globant.autoTrainingSelenium.test.starbucks.StarbucksTest@3532ec19]" name="test2" duration-ms="5676" started-at="2018-04-02T17:46:00Z" data-provider="providerTest2" finished-at="2018-04-02T17:46:06Z">
          <params>
            <param index="0">
              <value>
                <![CDATA[1]]>
              </value>
            </param>
            <param index="1">
              <value>
                <![CDATA[2]]>
              </value>
            </param>
            <param index="2">
              <value>
                <![CDATA[0]]>
              </value>
            </param>
            <param index="3">
              <value>
                <![CDATA[1]]>
              </value>
            </param>
            <param index="4">
              <value>
                <![CDATA[SMOOTH & BALANCED]]>
              </value>
            </param>
          </params>
          <reporter-output>
          </reporter-output>
        </test-method> <!-- test2 -->
        <test-method status="PASS" signature="test2(java.lang.Integer, java.lang.Integer, java.lang.Integer, java.lang.Integer, java.lang.String)[pri:0, instance:com.globant.autoTrainingSelenium.test.starbucks.StarbucksTest@3532ec19]" name="test2" duration-ms="5363" started-at="2018-04-02T17:46:06Z" data-provider="providerTest2" finished-at="2018-04-02T17:46:11Z">
          <params>
            <param index="0">
              <value>
                <![CDATA[0]]>
              </value>
            </param>
            <param index="1">
              <value>
                <![CDATA[1]]>
              </value>
            </param>
            <param index="2">
              <value>
                <![CDATA[1]]>
              </value>
            </param>
            <param index="3">
              <value>
                <![CDATA[0]]>
              </value>
            </param>
            <param index="4">
              <value>
                <![CDATA[MELLOW & SOFT]]>
              </value>
            </param>
          </params>
          <reporter-output>
          </reporter-output>
        </test-method> <!-- test2 -->
        <test-method status="PASS" signature="test3(java.lang.String, int, java.lang.String, java.lang.String, int, java.lang.String, java.lang.String, java.lang.String)[pri:0, instance:com.globant.autoTrainingSelenium.test.starbucks.StarbucksTest@3532ec19]" name="test3" duration-ms="14806" started-at="2018-04-02T17:46:11Z" data-provider="providerTest3" finished-at="2018-04-02T17:46:26Z">
          <params>
            <param index="0">
              <value>
                <![CDATA[Spring]]>
              </value>
            </param>
            <param index="1">
              <value>
                <![CDATA[0]]>
              </value>
            </param>
            <param index="2">
              <value>
                <![CDATA[JL]]>
              </value>
            </param>
            <param index="3">
              <value>
                <![CDATA[Spring Message]]>
              </value>
            </param>
            <param index="4">
              <value>
                <![CDATA[50]]>
              </value>
            </param>
            <param index="5">
              <value>
                <![CDATA[JL]]>
              </value>
            </param>
            <param index="6">
              <value>
                <![CDATA[recipientSpring@email.com]]>
              </value>
            </param>
            <param index="7">
              <value>
                <![CDATA[senderSpring@email.com]]>
              </value>
            </param>
          </params>
          <reporter-output>
          </reporter-output>
        </test-method> <!-- test3 -->
        <test-method status="PASS" signature="test3(java.lang.String, int, java.lang.String, java.lang.String, int, java.lang.String, java.lang.String, java.lang.String)[pri:0, instance:com.globant.autoTrainingSelenium.test.starbucks.StarbucksTest@3532ec19]" name="test3" duration-ms="16772" started-at="2018-04-02T17:46:26Z" data-provider="providerTest3" finished-at="2018-04-02T17:46:43Z">
          <params>
            <param index="0">
              <value>
                <![CDATA[Birthday]]>
              </value>
            </param>
            <param index="1">
              <value>
                <![CDATA[0]]>
              </value>
            </param>
            <param index="2">
              <value>
                <![CDATA[JL]]>
              </value>
            </param>
            <param index="3">
              <value>
                <![CDATA[Birthday Message]]>
              </value>
            </param>
            <param index="4">
              <value>
                <![CDATA[50]]>
              </value>
            </param>
            <param index="5">
              <value>
                <![CDATA[JL]]>
              </value>
            </param>
            <param index="6">
              <value>
                <![CDATA[recipientBirthday@email.com]]>
              </value>
            </param>
            <param index="7">
              <value>
                <![CDATA[senderBirthday@email.com]]>
              </value>
            </param>
          </params>
          <reporter-output>
          </reporter-output>
        </test-method> <!-- test3 -->
        <test-method status="PASS" signature="test3(java.lang.String, int, java.lang.String, java.lang.String, int, java.lang.String, java.lang.String, java.lang.String)[pri:0, instance:com.globant.autoTrainingSelenium.test.starbucks.StarbucksTest@3532ec19]" name="test3" duration-ms="9550" started-at="2018-04-02T17:46:43Z" data-provider="providerTest3" finished-at="2018-04-02T17:46:52Z">
          <params>
            <param index="0">
              <value>
                <![CDATA[Friendship]]>
              </value>
            </param>
            <param index="1">
              <value>
                <![CDATA[0]]>
              </value>
            </param>
            <param index="2">
              <value>
                <![CDATA[JL]]>
              </value>
            </param>
            <param index="3">
              <value>
                <![CDATA[Friendship Message]]>
              </value>
            </param>
            <param index="4">
              <value>
                <![CDATA[50]]>
              </value>
            </param>
            <param index="5">
              <value>
                <![CDATA[JL]]>
              </value>
            </param>
            <param index="6">
              <value>
                <![CDATA[recipientFriendship@email.com]]>
              </value>
            </param>
            <param index="7">
              <value>
                <![CDATA[senderFriendship@email.com]]>
              </value>
            </param>
          </params>
          <reporter-output>
          </reporter-output>
        </test-method> <!-- test3 -->
        <test-method status="PASS" signature="restartTest()[pri:0, instance:com.globant.autoTrainingSelenium.test.starbucks.StarbucksTest@3532ec19]" name="restartTest" is-config="true" duration-ms="0" started-at="2018-04-02T17:46:52Z" finished-at="2018-04-02T17:46:52Z">
          <reporter-output>
          </reporter-output>
        </test-method> <!-- restartTest -->
        <test-method status="PASS" signature="afterSuite()[pri:0, instance:com.globant.autoTrainingSelenium.test.starbucks.StarbucksTest@3532ec19]" name="afterSuite" is-config="true" duration-ms="255" started-at="2018-04-02T17:46:52Z" finished-at="2018-04-02T17:46:52Z">
          <reporter-output>
          </reporter-output>
        </test-method> <!-- afterSuite -->
      </class> <!-- com.globant.autoTrainingSelenium.test.starbucks.StarbucksTest -->
    </test> <!-- TestStartbucks -->
  </suite> <!-- Suite -->
</testng-results>
